\BOOKMARK [1][-]{section.1}{\376\377\000P\000e\000n\000d\000a\000h\000u\000l\000u\000a\000n}{}% 1
\BOOKMARK [2][-]{subsection.1.1}{\376\377\000L\000a\000t\000a\000r\000\040\000B\000e\000l\000a\000k\000a\000n\000g}{section.1}% 2
\BOOKMARK [2][-]{subsection.1.2}{\376\377\000R\000u\000m\000u\000s\000a\000n\000\040\000M\000a\000s\000a\000l\000a\000h}{section.1}% 3
\BOOKMARK [2][-]{subsection.1.3}{\376\377\000B\000a\000t\000a\000s\000a\000n\000\040\000M\000a\000s\000a\000l\000a\000h}{section.1}% 4
\BOOKMARK [2][-]{subsection.1.4}{\376\377\000K\000o\000n\000t\000r\000i\000b\000u\000s\000i\000\040\000P\000e\000n\000e\000l\000i\000t\000i\000a\000n}{section.1}% 5
\BOOKMARK [1][-]{section.2}{\376\377\000T\000i\000n\000j\000a\000u\000a\000n\000\040\000P\000u\000s\000t\000a\000k\000a}{}% 6
\BOOKMARK [2][-]{subsection.2.1}{\376\377\000A\000n\000a\000l\000i\000s\000i\000s\000\040\000K\000o\000m\000p\000l\000e\000k\000s\000i\000t\000a\000s\000\040\000K\000o\000m\000p\000u\000t\000a\000s\000i\000\040\000d\000a\000n\000\040\000A\000r\000s\000i\000t\000e\000k\000t\000u\000r}{section.2}% 7
\BOOKMARK [3][-]{subsubsection.2.1.1}{\376\377\000K\000e\000l\000u\000a\000r\000g\000a\000\040\000S\000H\000A\000-\0002\000\040\000\050\000S\000H\000A\000-\0002\0005\0006\000\051}{subsection.2.1}% 8
\BOOKMARK [3][-]{subsubsection.2.1.2}{\376\377\000K\000e\000l\000u\000a\000r\000g\000a\000\040\000S\000H\000A\000-\0003\000\040\000\050\000K\000e\000c\000c\000a\000k\000\051}{subsection.2.1}% 9
\BOOKMARK [3][-]{subsubsection.2.1.3}{\376\377\000K\000e\000l\000u\000a\000r\000g\000a\000\040\000B\000L\000A\000K\000E\0002}{subsection.2.1}% 10
\BOOKMARK [2][-]{subsection.2.2}{\376\377\000T\000e\000o\000r\000i\000\040\000A\000k\000s\000e\000l\000e\000r\000a\000s\000i\000\040\000P\000e\000r\000a\000n\000g\000k\000a\000t\000\040\000K\000e\000r\000a\000s\000\040\000\050\000H\000a\000r\000d\000w\000a\000r\000e\000\040\000A\000c\000c\000e\000l\000e\000r\000a\000t\000i\000o\000n\000\051}{section.2}% 11
\BOOKMARK [2][-]{subsection.2.3}{\376\377\000K\000u\000a\000l\000i\000t\000a\000s\000\040\000D\000i\000f\000u\000s\000i\000:\000\040\000S\000t\000r\000i\000c\000t\000\040\000A\000v\000a\000l\000a\000n\000c\000h\000e\000\040\000C\000r\000i\000t\000e\000r\000i\000o\000n\000\040\000\050\000S\000A\000C\000\051}{section.2}% 12
\BOOKMARK [2][-]{subsection.2.4}{\376\377\000V\000a\000l\000i\000d\000i\000t\000a\000s\000\040\000S\000t\000a\000t\000i\000s\000t\000i\000k\000\040\000d\000a\000l\000a\000m\000\040\000E\000v\000a\000l\000u\000a\000s\000i\000\040\000K\000i\000n\000e\000r\000j\000a}{section.2}% 13
\BOOKMARK [2][-]{subsection.2.5}{\376\377\000S\000i\000n\000t\000e\000s\000i\000s\000\040\000P\000e\000n\000e\000l\000i\000t\000i\000a\000n\000\040\000T\000e\000r\000d\000a\000h\000u\000l\000u\000\040\000\050\000R\000e\000l\000a\000t\000e\000d\000\040\000W\000o\000r\000k\000s\000\051}{section.2}% 14
\BOOKMARK [1][-]{section.3}{\376\377\000M\000e\000t\000o\000d\000o\000l\000o\000g\000i\000\040\000P\000e\000n\000e\000l\000i\000t\000i\000a\000n}{}% 15
\BOOKMARK [2][-]{subsection.3.1}{\376\377\000K\000o\000n\000f\000i\000g\000u\000r\000a\000s\000i\000\040\000L\000i\000n\000g\000k\000u\000n\000g\000a\000n\000\040\000P\000e\000n\000g\000u\000j\000i\000a\000n}{section.3}% 16
\BOOKMARK [2][-]{subsection.3.2}{\376\377\000P\000e\000r\000s\000i\000a\000p\000a\000n\000\040\000D\000a\000t\000a\000s\000e\000t\000\040\000U\000j\000i}{section.3}% 17
\BOOKMARK [2][-]{subsection.3.3}{\376\377\000S\000k\000e\000n\000a\000r\000i\000o\000\040\000d\000a\000n\000\040\000T\000a\000h\000a\000p\000a\000n\000\040\000P\000e\000n\000g\000u\000j\000i\000a\000n}{section.3}% 18
\BOOKMARK [2][-]{subsection.3.4}{\376\377\000L\000o\000g\000i\000k\000a\000\040\000I\000m\000p\000l\000e\000m\000e\000n\000t\000a\000s\000i\000\040\000B\000e\000n\000c\000h\000m\000a\000r\000k}{section.3}% 19
\BOOKMARK [2][-]{subsection.3.5}{\376\377\000E\000v\000a\000l\000u\000a\000s\000i\000\040\000P\000r\000o\000p\000e\000r\000t\000i\000\040\000D\000i\000f\000u\000s\000i\000\040\000\050\000S\000t\000r\000i\000c\000t\000\040\000A\000v\000a\000l\000a\000n\000c\000h\000e\000\040\000C\000r\000i\000t\000e\000r\000i\000o\000n\000\051}{section.3}% 20
\BOOKMARK [2][-]{subsection.3.6}{\376\377\000R\000a\000n\000c\000a\000n\000g\000a\000n\000\040\000A\000n\000a\000l\000i\000s\000i\000s\000\040\000S\000t\000a\000t\000i\000s\000t\000i\000k}{section.3}% 21
\BOOKMARK [1][-]{section.4}{\376\377\000H\000a\000s\000i\000l\000\040\000d\000a\000n\000\040\000P\000e\000m\000b\000a\000h\000a\000s\000a\000n}{}% 22
\BOOKMARK [2][-]{subsection.4.1}{\376\377\000R\000e\000k\000a\000p\000i\000t\000u\000l\000a\000s\000i\000\040\000D\000a\000t\000a\000\040\000E\000k\000s\000p\000e\000r\000i\000m\000e\000n}{section.4}% 23
\BOOKMARK [2][-]{subsection.4.2}{\376\377\000A\000n\000a\000l\000i\000s\000i\000s\000\040\000K\000i\000n\000e\000r\000j\000a\000\040\000K\000e\000c\000e\000p\000a\000t\000a\000n\000\040\000\050\000T\000h\000r\000o\000u\000g\000h\000p\000u\000t\000\051\000\040\000d\000a\000n\000\040\000P\000e\000n\000g\000a\000r\000u\000h\000\040\000M\000i\000k\000r\000o\000a\000r\000s\000i\000t\000e\000k\000t\000u\000r}{section.4}% 24
\BOOKMARK [2][-]{subsection.4.3}{\376\377\000V\000a\000l\000i\000d\000a\000s\000i\000\040\000S\000i\000g\000n\000i\000f\000i\000k\000a\000n\000s\000i\000\040\000S\000t\000a\000t\000i\000s\000t\000i\000k\000\040\000\050\000T\000w\000o\000-\000W\000a\000y\000\040\000F\000a\000c\000t\000o\000r\000i\000a\000l\000\040\000A\000N\000O\000V\000A\000\051}{section.4}% 25
\BOOKMARK [2][-]{subsection.4.4}{\376\377\000A\000n\000a\000l\000i\000s\000i\000s\000\040\000E\000f\000i\000s\000i\000e\000n\000s\000i\000:\000\040\000W\000a\000k\000t\000u\000\040\000U\000t\000i\000l\000i\000s\000a\000s\000i\000\040\000C\000P\000U\000\040\000v\000s\000\040\000K\000e\000c\000e\000p\000a\000t\000a\000n}{section.4}% 26
\BOOKMARK [2][-]{subsection.4.5}{\376\377\000E\000v\000a\000l\000u\000a\000s\000i\000\040\000P\000r\000o\000p\000e\000r\000t\000i\000\040\000D\000i\000f\000u\000s\000i\000\040\000\050\000S\000t\000r\000i\000c\000t\000\040\000A\000v\000a\000l\000a\000n\000c\000h\000e\000\040\000C\000r\000i\000t\000e\000r\000i\000o\000n\000\051}{section.4}% 27
\BOOKMARK [1][-]{section.5}{\376\377\000K\000e\000s\000i\000m\000p\000u\000l\000a\000n\000\040\000d\000a\000n\000\040\000S\000a\000r\000a\000n}{}% 28
\BOOKMARK [2][-]{subsection.5.1}{\376\377\000K\000e\000s\000i\000m\000p\000u\000l\000a\000n}{section.5}% 29
\BOOKMARK [2][-]{subsection.5.2}{\376\377\000A\000n\000c\000a\000m\000a\000n\000\040\000t\000e\000r\000h\000a\000d\000a\000p\000\040\000V\000a\000l\000i\000d\000i\000t\000a\000s\000\040\000\050\000T\000h\000r\000e\000a\000t\000s\000\040\000t\000o\000\040\000V\000a\000l\000i\000d\000i\000t\000y\000\051\000\040\000d\000a\000n\000\040\000K\000e\000t\000e\000r\000b\000a\000t\000a\000s\000a\000n}{section.5}% 30
\BOOKMARK [2][-]{subsection.5.3}{\376\377\000S\000a\000r\000a\000n\000\040\000u\000n\000t\000u\000k\000\040\000P\000e\000n\000e\000l\000i\000t\000i\000a\000n\000\040\000S\000e\000l\000a\000n\000j\000u\000t\000n\000y\000a\000\040\000\050\000F\000u\000t\000u\000r\000e\000\040\000W\000o\000r\000k\000s\000\051}{section.5}% 31
\BOOKMARK [1][-]{section*.1}{\376\377\000R\000e\000f\000e\000r\000e\000n\000s\000i}{}% 32
